<?xml version="1.0" encoding="UTF-8"?>
<!-- Generated by org.testng.reporters.JUnitXMLReporter -->
<testsuite ignored="0" hostname="NDI-LAP-115" failures="0" tests="7" name="Default test" time="5.198" errors="0" timestamp="2022-02-09T15:49:53 IST">
  <testcase classname="test.TestCases.testcase1" name="initiate" time="0.069"/>
  <testcase classname="test.TestCases.testcase1" name="loginsite" time="0.361"/>
  <testcase classname="test.TestCases.testcase1" name="productpage" time="0.214"/>
  <testcase classname="test.TestCases.testcase1" name="cartpage" time="0.132"/>
  <testcase classname="test.TestCases.testcase1" name="checkout" time="0.362"/>
  <testcase classname="test.TestCases.testcase1" name="finish" time="0.085"/>
  <testcase classname="test.TestCases.testcase1" name="returntohome" time="0.109"/>
</testsuite> <!-- Default test -->
