<?xml version="1.0" encoding="UTF-8"?>
<testng-results ignored="0" total="7" passed="7" failed="0" skipped="0">
  <reporter-output>
  </reporter-output>
  <suite started-at="2022-02-09T15:49:47 IST" name="Default suite" finished-at="2022-02-09T15:49:53 IST" duration-ms="5198">
    <groups>
    </groups>
    <test started-at="2022-02-09T15:49:47 IST" name="Default test" finished-at="2022-02-09T15:49:53 IST" duration-ms="5198">
      <class name="test.TestCases.testcase1">
        <test-method is-config="true" signature="openBrowser()[pri:0, instance:test.TestCases.testcase1@4816278d]" started-at="2022-02-09T15:49:48 IST" name="openBrowser" finished-at="2022-02-09T15:49:50 IST" duration-ms="2551" status="PASS">
          <reporter-output>
          </reporter-output>
        </test-method> <!-- openBrowser -->
        <test-method signature="initiate()[pri:1, instance:test.TestCases.testcase1@4816278d]" started-at="2022-02-09T15:49:50 IST" name="initiate" finished-at="2022-02-09T15:49:50 IST" duration-ms="69" status="PASS">
          <reporter-output>
          </reporter-output>
        </test-method> <!-- initiate -->
        <test-method signature="loginsite()[pri:2, instance:test.TestCases.testcase1@4816278d]" started-at="2022-02-09T15:49:50 IST" name="loginsite" finished-at="2022-02-09T15:49:51 IST" duration-ms="361" status="PASS">
          <reporter-output>
          </reporter-output>
        </test-method> <!-- loginsite -->
        <test-method signature="productpage()[pri:3, instance:test.TestCases.testcase1@4816278d]" started-at="2022-02-09T15:49:51 IST" name="productpage" finished-at="2022-02-09T15:49:51 IST" duration-ms="214" status="PASS">
          <reporter-output>
          </reporter-output>
        </test-method> <!-- productpage -->
        <test-method signature="cartpage()[pri:4, instance:test.TestCases.testcase1@4816278d]" started-at="2022-02-09T15:49:51 IST" name="cartpage" finished-at="2022-02-09T15:49:51 IST" duration-ms="132" status="PASS">
          <reporter-output>
          </reporter-output>
        </test-method> <!-- cartpage -->
        <test-method signature="checkout()[pri:5, instance:test.TestCases.testcase1@4816278d]" started-at="2022-02-09T15:49:51 IST" name="checkout" finished-at="2022-02-09T15:49:51 IST" duration-ms="362" status="PASS">
          <reporter-output>
          </reporter-output>
        </test-method> <!-- checkout -->
        <test-method signature="finish()[pri:6, instance:test.TestCases.testcase1@4816278d]" started-at="2022-02-09T15:49:51 IST" name="finish" finished-at="2022-02-09T15:49:51 IST" duration-ms="85" status="PASS">
          <reporter-output>
          </reporter-output>
        </test-method> <!-- finish -->
        <test-method signature="returntohome()[pri:7, instance:test.TestCases.testcase1@4816278d]" started-at="2022-02-09T15:49:51 IST" name="returntohome" finished-at="2022-02-09T15:49:52 IST" duration-ms="109" status="PASS">
          <reporter-output>
          </reporter-output>
        </test-method> <!-- returntohome -->
        <test-method is-config="true" signature="closeBrowser()[pri:0, instance:test.TestCases.testcase1@4816278d]" started-at="2022-02-09T15:49:52 IST" name="closeBrowser" finished-at="2022-02-09T15:49:53 IST" duration-ms="1147" status="PASS">
          <reporter-output>
          </reporter-output>
        </test-method> <!-- closeBrowser -->
      </class> <!-- test.TestCases.testcase1 -->
    </test> <!-- Default test -->
  </suite> <!-- Default suite -->
</testng-results>
